ncsim(64) 15.20-s039
Linux 3.10.0-1062.el7.x86_64 #1 SMP Wed Aug 7 18:08:02 UTC 2019 x86_64
CPU cores: 40
Limit information:
======================================
cputime			unlimited
filesize		unlimited
datasize		unlimited
stacksize		8192 kbytes
coredumpsize	0 kbytes
memoryuse		unlimited
vmemoryuse		unlimited
descriptors		4096
memorylocked	64 kbytes
maxproc			4096
======================================
Runtime environment variables:
USER=wzc
LOGNAME=wzc
HOME=/home/wzc
PATH=/usr/java/default/bin:/usr/cad/solaris/cur/bin:/usr/cad/synopsys/tmax/cur/bin:/usr/cad/synopsys/verdi/cur/bin:/usr/cad/synopsys/verdi/cur/nLint/bin:/usr/bin/X11:/usr/cad/synopsys/coreConsultant/cur/bin:/usr/cad/synopsys/synthesis/cur/amd64/syn/bin:/usr/cad/synopsys/lc/cur/bin:/usr/cad/cadence/INCISIV/INCISIVE_15.20.039/tools/bin/64bit:/usr/cad/cadence/INCISIV/INCISIVE_15.20.039/tools/bin:/mnt2/lib:/usr/bin:/usr/bin/X11/:/bin:/sbin:/usr/sbin:/etc:/usr/mentor/modelsim/cur/linux_x86_64:/usr/cad/sde/bin:/usr/local/bin
MAIL=/var/spool/mail/wzc
SHELL=/bin/tcsh
SSH_CLIENT=140.117.157.138 61865 22
SSH_CONNECTION=140.117.157.138 61865 140.117.167.185 22
SSH_TTY=/dev/pts/4
TERM=vt100
DISPLAY=140.117.157.138:0
SELINUX_ROLE_REQUESTED=
SELINUX_LEVEL_REQUESTED=
SELINUX_USE_CURRENT_RANGE=
XDG_SESSION_ID=4088
XDG_RUNTIME_DIR=/run/user/1019
HOSTTYPE=x86_64-linux
VENDOR=unknown
OSTYPE=linux
MACHTYPE=x86_64
SHLVL=1
PWD=/home/wzc/master_project/verilog/systolic_array
GROUP=wzc
HOST=tarsys05
REMOTEHOST=140.117.157.138
HOSTNAME=tarsys05
LS_COLORS=no=00:fi=00:di=01;34:ln=01;35:pi=40;33:so=01;35:bd=40;33;01:cd=40;33;01:or=40;31;01:ex=01;32:*.tar=01;31:*.tgz=01;31:*.arj=01;31:*.taz=01;31:*.lzh=01;31:*.zip=01;31:*.z=01;31:*.Z=01;31:*.gz=01;31:*.bz2=01;31:*.deb=01;31:*.rpm=01;31:*.jar=01;31:*.jpg=01;35:*.jpeg=01;35:*.gif=01;35:*.bmp=01;35:*.pbm=01;35:*.pgm=01;35:*.ppm=01;35:*.tga=01;35:*.xbm=01;35:*.xpm=01;35:*.tif=01;35:*.tiff=01;35:*.png=01;35:*.mpg=01;35:*.mpeg=01;35:*.avi=01;35:*.fli=01;35:*.gl=01;35:*.dl=01;35:*.xcf=01;35:*.xwd=01;35:*.ogg=01;35:*.mp3=01;35:*.wav=01;35:*.c=93:*.cpp=93:*.v=95:*.vcd=96:*.sh=33:*.pl=33:*.tcl=33
LANG=zh_TW.UTF-8
LESSOPEN=||/usr/bin/lesspipe.sh %s
CONDA_EXE=/home/wzc/anaconda3/bin/conda
_CONDA_ROOT=/home/wzc/anaconda3
_CONDA_EXE=/home/wzc/anaconda3/bin/conda
CONDA_PYTHON_EXE=/home/wzc/anaconda3/bin/python
CONDA_SHLVL=0
EDITOR=gedit
LD_LIBRARY_PATH=/usr/cad/synopsys/verdi/cur/share/PLI/IUS/LINUX/:/usr/cad/cadence/INCISIV/INCISIVE_15.20.039/tools/lib/64bit:/usr/cad/cadence/INCISIV/INCISIVE_15.20.039/tools/lib64:/usr/cad/cadence/INCISIV/INCISIVE_15.20.039/tools/lib::/mnt3/lib:/usr/lib/X11:/usr/lib:/lib32:/lib64:/usr/synopsys/cosmos_scope/cur/CosmosScope/bin:/usr/java/jre/lib/amd64:/usr/java/jre/lib/amd64/xawt/:/usr/java/jre/lib/amd64/server/:/usr/cad/spring_soft/verdi/2012.04/share/PLI/IUS/LINUX64/:/usr/cad/spring_soft/verdi/2012.04/share/PLI/IUS/LINUX/:/lib:/lib64:/usr/lib64:/usr/local/lib64
LM_LICENSE_FILE=26585@lstn:5280@lstn:5280@lshc:
SYNTHESIS=/usr/cad/synopsys/synthesis/cur
SYN_MAN_DIR=/usr/cad/synopsys/synthesis/cur/doc/syn/man
MANPATH=/usr/cad/synopsys/synthesis/cur/doc/syn/man
SHLIB_PATH=/usr/cad/synopsys/verdi/cur/share/PLI/IUS/LINUX
SYNOPSYS_TMAX=/usr/cad/synopsys/tmax/cur
SIGASI_LM_LICENSE_FILE=27001@140.117.157.130
_IRUNROOT_=/usr/cad/cadence/INCISIV/INCISIVE_15.20.039/tools
CDS_ARCH=lnx86
NCRUNMODE=ncverilog:./INCA_libs/irun.lnx8664.15.20.nc
IRUNBATCH=FALSE
IMPERAS_PORT_FILE=.vsp_ovp_gdb_port
TCL_LIBRARY=/usr/cad/cadence/INCISIV/INCISIVE_15.20.039/tools/inca/files/tcl/library
Runtime command line arguments:
argv[0]=ncverilog
argv[1]=SA32_random_fault.v
70 profile - 100
          CPU/Mem usage: 0.060 sys,  0.040 user,  205.28M sys,  0.00M vm
71 VC callback profile - scalar:0 vector:0
72 Tue Apr  2 16:00:35 2024
73 pliAppInit
74 pliAppMiscSet: New Sim Round
75 LIBSSCORE=found /usr/cad/spring_soft/verdi/2012.04/share/PLI/IUS/LINUX64/libsscore_ius111.so through $LD_LIBRARY_PATH setting.
76 Sim process exit
